<?xml version="1.0" encoding="UTF-8"?>
<!-- Generated by org.testng.reporters.JUnitReportReporter -->
<testsuite skipped="0" hostname="TTS-SCRIT-5" name="com.TrueTech.ScreenIT.testCases.SelectedRegressionFlow1" tests="4" failures="0" timestamp="19 Sep 2022 04:29:37 GMT" time="528.526" errors="0">
  <testcase name="loginPages" time="45.632" classname="com.TrueTech.ScreenIT.testCases.SelectedRegressionFlow1"/>
  <testcase name="dashboardPages" time="108.552" classname="com.TrueTech.ScreenIT.testCases.SelectedRegressionFlow1"/>
  <testcase name="candidatePages" time="334.644" classname="com.TrueTech.ScreenIT.testCases.SelectedRegressionFlow1"/>
  <testcase name="cardsDetails" time="39.698" classname="com.TrueTech.ScreenIT.testCases.SelectedRegressionFlow1"/>
</testsuite> <!-- com.TrueTech.ScreenIT.testCases.SelectedRegressionFlow1 -->
