<?xml version="1.0" encoding="UTF-8"?>
<!-- Generated by org.testng.reporters.JUnitReportReporter -->
<testsuite skipped="0" hostname="TTS-SCRIT-5" name="com.TrueTech.ScreenIT.testCases.DeclineRegressionFlow" tests="1" failures="0" timestamp="07 Sep 2022 07:20:18 GMT" time="617.576" errors="0">
  <testcase name="screenitDeclineTest" time="617.576" classname="com.TrueTech.ScreenIT.testCases.DeclineRegressionFlow"/>
</testsuite> <!-- com.TrueTech.ScreenIT.testCases.DeclineRegressionFlow -->
