<?xml version="1.0" encoding="UTF-8"?>
<!-- Generated by org.testng.reporters.JUnitReportReporter -->
<testsuite skipped="0" hostname="TTS-SCRIT-5" name="com.TrueTech.ScreenIT.testCases.ScreenItFlow" tests="1" failures="0" timestamp="05 Sep 2022 12:39:09 GMT" time="214.314" errors="0">
  <testcase name="screenitTest" time="214.314" classname="com.TrueTech.ScreenIT.testCases.ScreenItFlow"/>
</testsuite> <!-- com.TrueTech.ScreenIT.testCases.ScreenItFlow -->
