<?xml version="1.0" encoding="UTF-8"?>
<!-- Generated by org.testng.reporters.JUnitReportReporter -->
<testsuite skipped="0" hostname="TTS-SCRIT-5" name="com.TrueTech.ScreenIT.testCases.RescheduleRegressionFlow" tests="1" failures="0" timestamp="15 Sep 2022 06:36:34 GMT" time="399.688" errors="0">
  <testcase name="screenitDeclineTest" time="399.688" classname="com.TrueTech.ScreenIT.testCases.RescheduleRegressionFlow"/>
</testsuite> <!-- com.TrueTech.ScreenIT.testCases.RescheduleRegressionFlow -->
