<?xml version="1.0" encoding="UTF-8"?>
<!-- Generated by org.testng.reporters.JUnitReportReporter -->
<testsuite skipped="0" hostname="TTS-SCRIT-5" name="com.TrueTech.ScreenIT.NegativeCases.NegativeFlowForLoginPage" tests="4" failures="0" timestamp="13 Sep 2022 12:04:50 GMT" time="75.014" errors="0">
  <testcase name="loginValidData" time="66.322" classname="com.TrueTech.ScreenIT.NegativeCases.NegativeFlowForLoginPage"/>
  <testcase name="loginInvalidEmailAndValidPassword" time="1.707" classname="com.TrueTech.ScreenIT.NegativeCases.NegativeFlowForLoginPage"/>
  <testcase name="loginValidEmailAndInValidPassword" time="4.870" classname="com.TrueTech.ScreenIT.NegativeCases.NegativeFlowForLoginPage"/>
  <testcase name="loginEmptyEmailAndEmptyPassword" time="2.115" classname="com.TrueTech.ScreenIT.NegativeCases.NegativeFlowForLoginPage"/>
</testsuite> <!-- com.TrueTech.ScreenIT.NegativeCases.NegativeFlowForLoginPage -->
