<?xml version="1.0" encoding="UTF-8"?>
<!-- Generated by org.testng.reporters.JUnitReportReporter -->
<testsuite skipped="0" hostname="TTS-SCRIT-5" name="com.TechnicalExerciseForEvaluation.testCases.PreRetirementCalculator" tests="1" failures="0" timestamp="18 Jan 2023 16:50:56 GMT" time="38.561" errors="0">
  <testcase name="retirementCalcultor" time="38.561" classname="com.TechnicalExerciseForEvaluation.testCases.PreRetirementCalculator"/>
</testsuite> <!-- com.TechnicalExerciseForEvaluation.testCases.PreRetirementCalculator -->
